<html>
<head>
<title>TestNG:  TestRunner2</title>
<link href="../testng.css" rel="stylesheet" type="text/css" />
<link href="../my-testng.css" rel="stylesheet" type="text/css" />

<style type="text/css">
.log { display: none;} 
.stack-trace { display: none;} 
</style>
<script type="text/javascript">
<!--
function flip(e) {
  current = e.style.display;
  if (current == 'block') {
    e.style.display = 'none';
    return 0;
  }
  else {
    e.style.display = 'block';
    return 1;
  }
}

function toggleBox(szDivId, elem, msg1, msg2)
{
  var res = -1;  if (document.getElementById) {
    res = flip(document.getElementById(szDivId));
  }
  else if (document.all) {
    // this is the way old msie versions work
    res = flip(document.all[szDivId]);
  }
  if(elem) {
    if(res == 0) elem.innerHTML = msg1; else elem.innerHTML = msg2;
  }

}

function toggleAllBoxes() {
  if (document.getElementsByTagName) {
    d = document.getElementsByTagName('div');
    for (i = 0; i < d.length; i++) {
      if (d[i].className == 'log') {
        flip(d[i]);
      }
    }
  }
}

// -->
</script>

</head>
<body>
<h2 align='center'>TestRunner2</h2><table border='1' align="center">
<tr>
<td>Tests passed/Failed/Skipped:</td><td>0/0/3</td>
</tr><tr>
<td>Started on:</td><td>Wed Aug 25 10:34:22 IST 2021</td>
</tr>
<tr><td>Total time:</td><td>0 seconds (217 ms)</td>
</tr><tr>
<td>Included groups:</td><td></td>
</tr><tr>
<td>Excluded groups:</td><td></td>
</tr>
</table><p/>
<small><i>(Hover the method name to see the test class name)</i></small><p/>
<table width='100%' border='1' class='invocation-failed'>
<tr><td colspan='4' align='center'><b>FAILED CONFIGURATIONS</b></td></tr>
<tr><td><b>Test method</b></td>
<td width="30%"><b>Exception</b></td>
<td width="10%"><b>Time (seconds)</b></td>
<td><b>Instance</b></td>
</tr>
<tr>
<td title='com.vtiger.comcast.opportunitytest.OpportunityTest_2.beforeClassConfiguration()'><b>beforeClassConfiguration</b><br>Test class: com.vtiger.comcast.opportunitytest.OpportunityTest_2</td>
<td><div><pre>org.testng.TestNGException: 
Parameter &apos;Browser&apos; is required by BeforeClass on method beforeClassConfiguration but has not been marked @Optional or defined
in G:\Eclipse\SeleniumFramework\DistributedParalleltestng.xml
	at java.base/java.util.ArrayList.forEach(ArrayList.java:1507)
	at java.base/java.util.concurrent.FutureTask.run(FutureTask.java:264)
	at java.base/java.util.concurrent.ThreadPoolExecutor.runWorker(ThreadPoolExecutor.java:1128)
	at java.base/java.util.concurrent.ThreadPoolExecutor$Worker.run(ThreadPoolExecutor.java:628)
	at java.base/java.lang.Thread.run(Thread.java:830)
... Removed 13 stack frames</pre></div><a href='#' onClick='toggleBox("stack-trace1593587390", this, "Click to show all stack frames", "Click to hide stack frames")'>Click to show all stack frames</a>
<div class='stack-trace' id='stack-trace1593587390'><pre>org.testng.TestNGException: 
Parameter &apos;Browser&apos; is required by BeforeClass on method beforeClassConfiguration but has not been marked @Optional or defined
in G:\Eclipse\SeleniumFramework\DistributedParalleltestng.xml
	at org.testng.internal.Parameters.createParams(Parameters.java:270)
	at org.testng.internal.Parameters.createParametersForMethod(Parameters.java:358)
	at org.testng.internal.Parameters.createParameters(Parameters.java:700)
	at org.testng.internal.Parameters.createConfigurationParameters(Parameters.java:168)
	at org.testng.internal.ConfigInvoker.invokeConfigurations(ConfigInvoker.java:302)
	at org.testng.internal.TestMethodWorker.invokeBeforeClassMethods(TestMethodWorker.java:176)
	at org.testng.internal.TestMethodWorker.run(TestMethodWorker.java:122)
	at java.base/java.util.ArrayList.forEach(ArrayList.java:1507)
	at org.testng.TestRunner.privateRun(TestRunner.java:794)
	at org.testng.TestRunner.run(TestRunner.java:596)
	at org.testng.SuiteRunner.runTest(SuiteRunner.java:377)
	at org.testng.SuiteRunner.access$000(SuiteRunner.java:28)
	at org.testng.SuiteRunner$SuiteWorker.run(SuiteRunner.java:418)
	at org.testng.internal.thread.ThreadUtil.lambda$execute$0(ThreadUtil.java:64)
	at java.base/java.util.concurrent.FutureTask.run(FutureTask.java:264)
	at java.base/java.util.concurrent.ThreadPoolExecutor.runWorker(ThreadPoolExecutor.java:1128)
	at java.base/java.util.concurrent.ThreadPoolExecutor$Worker.run(ThreadPoolExecutor.java:628)
	at java.base/java.lang.Thread.run(Thread.java:830)
</pre></div></td>
<td>-1629867862</td>
<td>com.vtiger.comcast.opportunitytest.OpportunityTest_2@41fbdac4</td></tr>
</table><p>
<table width='100%' border='1' class='invocation-skipped'>
<tr><td colspan='4' align='center'><b>SKIPPED CONFIGURATIONS</b></td></tr>
<tr><td><b>Test method</b></td>
<td width="30%"><b>Exception</b></td>
<td width="10%"><b>Time (seconds)</b></td>
<td><b>Instance</b></td>
</tr>
<tr>
<td title='com.vtiger.comcast.opportunitytest.OpportunityTest_2.beforeMethodConfiguration()'><b>beforeMethodConfiguration</b><br>Test class: com.vtiger.comcast.opportunitytest.OpportunityTest_2</td>
<td></td>
<td>-1629867862</td>
<td>com.vtiger.comcast.opportunitytest.OpportunityTest_2@41fbdac4</td></tr>
<tr>
<td title='com.vtiger.comcast.opportunitytest.OpportunityTest_2.afterClassConfiguration()'><b>afterClassConfiguration</b><br>Test class: com.vtiger.comcast.opportunitytest.OpportunityTest_2</td>
<td></td>
<td>-1629867862</td>
<td>com.vtiger.comcast.opportunitytest.OpportunityTest_2@41fbdac4</td></tr>
<tr>
<td title='com.vtiger.comcast.opportunitytest.OpportunityTest_2.beforeMethodConfiguration()'><b>beforeMethodConfiguration</b><br>Test class: com.vtiger.comcast.opportunitytest.OpportunityTest_2</td>
<td></td>
<td>-1629867862</td>
<td>com.vtiger.comcast.opportunitytest.OpportunityTest_2@41fbdac4</td></tr>
<tr>
<td title='com.vtiger.comcast.opportunitytest.OpportunityTest_2.beforeMethodConfiguration()'><b>beforeMethodConfiguration</b><br>Test class: com.vtiger.comcast.opportunitytest.OpportunityTest_2</td>
<td></td>
<td>-1629867862</td>
<td>com.vtiger.comcast.opportunitytest.OpportunityTest_2@41fbdac4</td></tr>
<tr>
<td title='com.vtiger.comcast.opportunitytest.OpportunityTest_2.afterMethodConfiguration()'><b>afterMethodConfiguration</b><br>Test class: com.vtiger.comcast.opportunitytest.OpportunityTest_2</td>
<td></td>
<td>-1629867862</td>
<td>com.vtiger.comcast.opportunitytest.OpportunityTest_2@41fbdac4</td></tr>
<tr>
<td title='com.vtiger.comcast.opportunitytest.OpportunityTest_2.afterMethodConfiguration()'><b>afterMethodConfiguration</b><br>Test class: com.vtiger.comcast.opportunitytest.OpportunityTest_2</td>
<td></td>
<td>-1629867862</td>
<td>com.vtiger.comcast.opportunitytest.OpportunityTest_2@41fbdac4</td></tr>
<tr>
<td title='com.vtiger.comcast.opportunitytest.OpportunityTest_2.afterMethodConfiguration()'><b>afterMethodConfiguration</b><br>Test class: com.vtiger.comcast.opportunitytest.OpportunityTest_2</td>
<td></td>
<td>-1629867862</td>
<td>com.vtiger.comcast.opportunitytest.OpportunityTest_2@41fbdac4</td></tr>
</table><p>
<table width='100%' border='1' class='invocation-skipped'>
<tr><td colspan='4' align='center'><b>SKIPPED TESTS</b></td></tr>
<tr><td><b>Test method</b></td>
<td width="30%"><b>Exception</b></td>
<td width="10%"><b>Time (seconds)</b></td>
<td><b>Instance</b></td>
</tr>
<tr>
<td title='com.vtiger.comcast.opportunitytest.OpportunityTest_2.createOpportunityTest()'><b>createOpportunityTest</b><br>Test class: com.vtiger.comcast.opportunitytest.OpportunityTest_2</td>
<td><div><pre>org.testng.TestNGException: 
Parameter &apos;Browser&apos; is required by BeforeClass on method beforeClassConfiguration but has not been marked @Optional or defined
in G:\Eclipse\SeleniumFramework\DistributedParalleltestng.xml
	at java.base/java.util.ArrayList.forEach(ArrayList.java:1507)
	at java.base/java.util.concurrent.FutureTask.run(FutureTask.java:264)
	at java.base/java.util.concurrent.ThreadPoolExecutor.runWorker(ThreadPoolExecutor.java:1128)
	at java.base/java.util.concurrent.ThreadPoolExecutor$Worker.run(ThreadPoolExecutor.java:628)
	at java.base/java.lang.Thread.run(Thread.java:830)
... Removed 13 stack frames</pre></div><a href='#' onClick='toggleBox("stack-trace115461833", this, "Click to show all stack frames", "Click to hide stack frames")'>Click to show all stack frames</a>
<div class='stack-trace' id='stack-trace115461833'><pre>org.testng.TestNGException: 
Parameter &apos;Browser&apos; is required by BeforeClass on method beforeClassConfiguration but has not been marked @Optional or defined
in G:\Eclipse\SeleniumFramework\DistributedParalleltestng.xml
	at org.testng.internal.Parameters.createParams(Parameters.java:270)
	at org.testng.internal.Parameters.createParametersForMethod(Parameters.java:358)
	at org.testng.internal.Parameters.createParameters(Parameters.java:700)
	at org.testng.internal.Parameters.createConfigurationParameters(Parameters.java:168)
	at org.testng.internal.ConfigInvoker.invokeConfigurations(ConfigInvoker.java:302)
	at org.testng.internal.TestMethodWorker.invokeBeforeClassMethods(TestMethodWorker.java:176)
	at org.testng.internal.TestMethodWorker.run(TestMethodWorker.java:122)
	at java.base/java.util.ArrayList.forEach(ArrayList.java:1507)
	at org.testng.TestRunner.privateRun(TestRunner.java:794)
	at org.testng.TestRunner.run(TestRunner.java:596)
	at org.testng.SuiteRunner.runTest(SuiteRunner.java:377)
	at org.testng.SuiteRunner.access$000(SuiteRunner.java:28)
	at org.testng.SuiteRunner$SuiteWorker.run(SuiteRunner.java:418)
	at org.testng.internal.thread.ThreadUtil.lambda$execute$0(ThreadUtil.java:64)
	at java.base/java.util.concurrent.FutureTask.run(FutureTask.java:264)
	at java.base/java.util.concurrent.ThreadPoolExecutor.runWorker(ThreadPoolExecutor.java:1128)
	at java.base/java.util.concurrent.ThreadPoolExecutor$Worker.run(ThreadPoolExecutor.java:628)
	at java.base/java.lang.Thread.run(Thread.java:830)
</pre></div></td>
<td>0</td>
<td>com.vtiger.comcast.opportunitytest.OpportunityTest_2@41fbdac4</td></tr>
<tr>
<td title='com.vtiger.comcast.opportunitytest.OpportunityTest_2.createOpportunitywithMappingofExistingContactsTest()'><b>createOpportunitywithMappingofExistingContactsTest</b><br>Test class: com.vtiger.comcast.opportunitytest.OpportunityTest_2</td>
<td><div><pre>org.testng.TestNGException: 
Parameter &apos;Browser&apos; is required by BeforeClass on method beforeClassConfiguration but has not been marked @Optional or defined
in G:\Eclipse\SeleniumFramework\DistributedParalleltestng.xml
	at java.base/java.util.ArrayList.forEach(ArrayList.java:1507)
	at java.base/java.util.concurrent.FutureTask.run(FutureTask.java:264)
	at java.base/java.util.concurrent.ThreadPoolExecutor.runWorker(ThreadPoolExecutor.java:1128)
	at java.base/java.util.concurrent.ThreadPoolExecutor$Worker.run(ThreadPoolExecutor.java:628)
	at java.base/java.lang.Thread.run(Thread.java:830)
... Removed 13 stack frames</pre></div><a href='#' onClick='toggleBox("stack-trace550360820", this, "Click to show all stack frames", "Click to hide stack frames")'>Click to show all stack frames</a>
<div class='stack-trace' id='stack-trace550360820'><pre>org.testng.TestNGException: 
Parameter &apos;Browser&apos; is required by BeforeClass on method beforeClassConfiguration but has not been marked @Optional or defined
in G:\Eclipse\SeleniumFramework\DistributedParalleltestng.xml
	at org.testng.internal.Parameters.createParams(Parameters.java:270)
	at org.testng.internal.Parameters.createParametersForMethod(Parameters.java:358)
	at org.testng.internal.Parameters.createParameters(Parameters.java:700)
	at org.testng.internal.Parameters.createConfigurationParameters(Parameters.java:168)
	at org.testng.internal.ConfigInvoker.invokeConfigurations(ConfigInvoker.java:302)
	at org.testng.internal.TestMethodWorker.invokeBeforeClassMethods(TestMethodWorker.java:176)
	at org.testng.internal.TestMethodWorker.run(TestMethodWorker.java:122)
	at java.base/java.util.ArrayList.forEach(ArrayList.java:1507)
	at org.testng.TestRunner.privateRun(TestRunner.java:794)
	at org.testng.TestRunner.run(TestRunner.java:596)
	at org.testng.SuiteRunner.runTest(SuiteRunner.java:377)
	at org.testng.SuiteRunner.access$000(SuiteRunner.java:28)
	at org.testng.SuiteRunner$SuiteWorker.run(SuiteRunner.java:418)
	at org.testng.internal.thread.ThreadUtil.lambda$execute$0(ThreadUtil.java:64)
	at java.base/java.util.concurrent.FutureTask.run(FutureTask.java:264)
	at java.base/java.util.concurrent.ThreadPoolExecutor.runWorker(ThreadPoolExecutor.java:1128)
	at java.base/java.util.concurrent.ThreadPoolExecutor$Worker.run(ThreadPoolExecutor.java:628)
	at java.base/java.lang.Thread.run(Thread.java:830)
</pre></div></td>
<td>0</td>
<td>com.vtiger.comcast.opportunitytest.OpportunityTest_2@41fbdac4</td></tr>
<tr>
<td title='com.vtiger.comcast.opportunitytest.OpportunityTest_2.createOpportunityWithMappingOrganizationTest()'><b>createOpportunityWithMappingOrganizationTest</b><br>Test class: com.vtiger.comcast.opportunitytest.OpportunityTest_2</td>
<td><div><pre>org.testng.TestNGException: 
Parameter &apos;Browser&apos; is required by BeforeClass on method beforeClassConfiguration but has not been marked @Optional or defined
in G:\Eclipse\SeleniumFramework\DistributedParalleltestng.xml
	at java.base/java.util.ArrayList.forEach(ArrayList.java:1507)
	at java.base/java.util.concurrent.FutureTask.run(FutureTask.java:264)
	at java.base/java.util.concurrent.ThreadPoolExecutor.runWorker(ThreadPoolExecutor.java:1128)
	at java.base/java.util.concurrent.ThreadPoolExecutor$Worker.run(ThreadPoolExecutor.java:628)
	at java.base/java.lang.Thread.run(Thread.java:830)
... Removed 13 stack frames</pre></div><a href='#' onClick='toggleBox("stack-trace271080595", this, "Click to show all stack frames", "Click to hide stack frames")'>Click to show all stack frames</a>
<div class='stack-trace' id='stack-trace271080595'><pre>org.testng.TestNGException: 
Parameter &apos;Browser&apos; is required by BeforeClass on method beforeClassConfiguration but has not been marked @Optional or defined
in G:\Eclipse\SeleniumFramework\DistributedParalleltestng.xml
	at org.testng.internal.Parameters.createParams(Parameters.java:270)
	at org.testng.internal.Parameters.createParametersForMethod(Parameters.java:358)
	at org.testng.internal.Parameters.createParameters(Parameters.java:700)
	at org.testng.internal.Parameters.createConfigurationParameters(Parameters.java:168)
	at org.testng.internal.ConfigInvoker.invokeConfigurations(ConfigInvoker.java:302)
	at org.testng.internal.TestMethodWorker.invokeBeforeClassMethods(TestMethodWorker.java:176)
	at org.testng.internal.TestMethodWorker.run(TestMethodWorker.java:122)
	at java.base/java.util.ArrayList.forEach(ArrayList.java:1507)
	at org.testng.TestRunner.privateRun(TestRunner.java:794)
	at org.testng.TestRunner.run(TestRunner.java:596)
	at org.testng.SuiteRunner.runTest(SuiteRunner.java:377)
	at org.testng.SuiteRunner.access$000(SuiteRunner.java:28)
	at org.testng.SuiteRunner$SuiteWorker.run(SuiteRunner.java:418)
	at org.testng.internal.thread.ThreadUtil.lambda$execute$0(ThreadUtil.java:64)
	at java.base/java.util.concurrent.FutureTask.run(FutureTask.java:264)
	at java.base/java.util.concurrent.ThreadPoolExecutor.runWorker(ThreadPoolExecutor.java:1128)
	at java.base/java.util.concurrent.ThreadPoolExecutor$Worker.run(ThreadPoolExecutor.java:628)
	at java.base/java.lang.Thread.run(Thread.java:830)
</pre></div></td>
<td>0</td>
<td>com.vtiger.comcast.opportunitytest.OpportunityTest_2@41fbdac4</td></tr>
</table><p>
</body>
</html>