<?xml version="1.0" encoding="UTF-8"?>
<!-- Generated by org.testng.reporters.JUnitXMLReporter -->
<testsuite ignored="0" hostname="DESKTOP-EGF8AOH" failures="0" tests="1" name="Test" time="65.654" errors="0" timestamp="2021-09-09T16:42:12 IST">
  <testcase classname="com.vtiger.comcast.genericUtility.BaseClass" name="@BeforeClass beforeClassConfiguration" time="65.368">
    <failure type="org.openqa.selenium.SessionNotCreatedException" message="session not created: This version of ChromeDriver only supports Chrome version 91
Current browser version is 93.0.4577.63 with binary path C:\Program Files (x86)\Google\Chrome\Application\chrome.exe
Build info: version: &amp;apos;3.141.59&amp;apos;, revision: &amp;apos;e82be7d358&amp;apos;, time: &amp;apos;2018-11-14T08:17:03&amp;apos;
System info: host: &amp;apos;DESKTOP-EGF8AOH&amp;apos;, ip: &amp;apos;192.168.226.1&amp;apos;, os.name: &amp;apos;Windows 10&amp;apos;, os.arch: &amp;apos;amd64&amp;apos;, os.version: &amp;apos;10.0&amp;apos;, java.version: &amp;apos;11.0.10&amp;apos;
Driver info: driver.version: ChromeDriver
remote stacktrace: Backtrace:
	Ordinal0 [0x01002DB3+2502067]
	Ordinal0 [0x00F9C5B1+2082225]
	Ordinal0 [0x00EA2498+1057944]
	Ordinal0 [0x00EC05DA+1181146]
	Ordinal0 [0x00EBC43C+1164348]
	Ordinal0 [0x00EB9C73+1154163]
	Ordinal0 [0x00EE9A22+1350178]
	Ordinal0 [0x00EE967A+1349242]
	Ordinal0 [0x00EE5BEB+1334251]
	Ordinal0 [0x00EC2174+1188212]
	Ordinal0 [0x00EC3009+1191945]
	GetHandleVerifier [0x0117EC5C+1511084]
	GetHandleVerifier [0x01228522+2205554]
	GetHandleVerifier [0x01083393+480739]
	GetHandleVerifier [0x01082579+477129]
	Ordinal0 [0x00FA1E5D+2104925]
	Ordinal0 [0x00FA63F8+2122744]
	Ordinal0 [0x00FA6537+2123063]
	Ordinal0 [0x00FAEE53+2158163]
	BaseThreadInitThunk [0x7758FA29+25]
	RtlGetAppContainerNamedObjectPath [0x779A7A7E+286]
	RtlGetAppContainerNamedObjectPath [0x779A7A4E+238]
">
      <![CDATA[org.openqa.selenium.SessionNotCreatedException: session not created: This version of ChromeDriver only supports Chrome version 91
Current browser version is 93.0.4577.63 with binary path C:\Program Files (x86)\Google\Chrome\Application\chrome.exe
Build info: version: '3.141.59', revision: 'e82be7d358', time: '2018-11-14T08:17:03'
System info: host: 'DESKTOP-EGF8AOH', ip: '192.168.226.1', os.name: 'Windows 10', os.arch: 'amd64', os.version: '10.0', java.version: '11.0.10'
Driver info: driver.version: ChromeDriver
remote stacktrace: Backtrace:
Ordinal0 [0x01002DB3+2502067]
Ordinal0 [0x00F9C5B1+2082225]
Ordinal0 [0x00EA2498+1057944]
Ordinal0 [0x00EC05DA+1181146]
Ordinal0 [0x00EBC43C+1164348]
Ordinal0 [0x00EB9C73+1154163]
Ordinal0 [0x00EE9A22+1350178]
Ordinal0 [0x00EE967A+1349242]
Ordinal0 [0x00EE5BEB+1334251]
Ordinal0 [0x00EC2174+1188212]
Ordinal0 [0x00EC3009+1191945]
GetHandleVerifier [0x0117EC5C+1511084]
GetHandleVerifier [0x01228522+2205554]
GetHandleVerifier [0x01083393+480739]
GetHandleVerifier [0x01082579+477129]
Ordinal0 [0x00FA1E5D+2104925]
Ordinal0 [0x00FA63F8+2122744]
Ordinal0 [0x00FA6537+2123063]
Ordinal0 [0x00FAEE53+2158163]
BaseThreadInitThunk [0x7758FA29+25]
RtlGetAppContainerNamedObjectPath [0x779A7A7E+286]
RtlGetAppContainerNamedObjectPath [0x779A7A4E+238]

at org.openqa.selenium.remote.W3CHandshakeResponse.lambda$errorHandler$0(W3CHandshakeResponse.java:62)
at org.openqa.selenium.remote.HandshakeResponse.lambda$getResponseFunction$0(HandshakeResponse.java:30)
at org.openqa.selenium.remote.ProtocolHandshake.lambda$createSession$0(ProtocolHandshake.java:126)
at java.base/java.util.stream.ReferencePipeline$3$1.accept(ReferencePipeline.java:195)
at java.base/java.util.Spliterators$ArraySpliterator.tryAdvance(Spliterators.java:958)
at java.base/java.util.stream.ReferencePipeline.forEachWithCancel(ReferencePipeline.java:127)
at java.base/java.util.stream.AbstractPipeline.copyIntoWithCancel(AbstractPipeline.java:502)
at java.base/java.util.stream.AbstractPipeline.copyInto(AbstractPipeline.java:488)
at java.base/java.util.stream.AbstractPipeline.wrapAndCopyInto(AbstractPipeline.java:474)
at java.base/java.util.stream.FindOps$FindOp.evaluateSequential(FindOps.java:150)
at java.base/java.util.stream.AbstractPipeline.evaluate(AbstractPipeline.java:234)
at java.base/java.util.stream.ReferencePipeline.findFirst(ReferencePipeline.java:543)
at org.openqa.selenium.remote.ProtocolHandshake.createSession(ProtocolHandshake.java:128)
at org.openqa.selenium.remote.ProtocolHandshake.createSession(ProtocolHandshake.java:74)
at org.openqa.selenium.remote.HttpCommandExecutor.execute(HttpCommandExecutor.java:136)
at org.openqa.selenium.remote.service.DriverCommandExecutor.execute(DriverCommandExecutor.java:83)
at org.openqa.selenium.remote.RemoteWebDriver.execute(RemoteWebDriver.java:552)
at org.openqa.selenium.remote.RemoteWebDriver.startSession(RemoteWebDriver.java:213)
at org.openqa.selenium.remote.RemoteWebDriver.<init>(RemoteWebDriver.java:131)
at org.openqa.selenium.chrome.ChromeDriver.<init>(ChromeDriver.java:181)
at org.openqa.selenium.chrome.ChromeDriver.<init>(ChromeDriver.java:168)
at org.openqa.selenium.chrome.ChromeDriver.<init>(ChromeDriver.java:123)
at com.vtiger.comcast.genericUtility.BaseClass.beforeClassConfiguration(BaseClass.java:35)
at java.base/java.util.ArrayList.forEach(ArrayList.java:1541)
... Removed 29 stack frames]]>
    </failure>
  </testcase> <!-- @BeforeClass beforeClassConfiguration -->
  <testcase classname="com.vtiger.comcast.genericUtility.BaseClass" name="@BeforeMethod beforeMethodConfiguration" time="-1.631185931337E9">
    <skipped/>
  </testcase> <!-- @BeforeMethod beforeMethodConfiguration -->
  <testcase classname="com.vtiger.comcast.genericUtility.BaseClass" name="@AfterMethod afterMethodConfiguration" time="-1.631185931354E9">
    <skipped/>
  </testcase> <!-- @AfterMethod afterMethodConfiguration -->
  <testcase classname="com.vtiger.comcast.genericUtility.BaseClass" name="@AfterClass afterClassConfiguration" time="-1.631185931392E9">
    <skipped/>
  </testcase> <!-- @AfterClass afterClassConfiguration -->
  <testcase classname="com.vtiger.comcast.opportunitytest.TC_02_OpportunityTest" name="createOpportunityTest" time="0.0">
    <skipped/>
  </testcase> <!-- createOpportunityTest -->
</testsuite> <!-- Test -->
