<?xml version="1.0" encoding="UTF-8"?>
<!-- Generated by org.testng.reporters.JUnitXMLReporter -->
<testsuite ignored="0" hostname="DESKTOP-EGF8AOH" failures="0" tests="3" name="Test2" time="0.245" errors="0" timestamp="2021-08-25T10:33:25 IST">
  <testcase classname="com.vtiger.comcast.genericUtility.BaseClass" name="@BeforeClass beforeClassConfiguration" time="-1.629867804841E9">
    <failure type="org.testng.TestNGException" message="
Parameter &amp;apos;Browser&amp;apos; is required by BeforeClass on method beforeClassConfiguration but has not been marked @Optional or defined
in G:\Eclipse\SeleniumFramework\1DistributedParalleltestng.xml">
      <![CDATA[org.testng.TestNGException: 
Parameter 'Browser' is required by BeforeClass on method beforeClassConfiguration but has not been marked @Optional or defined
in G:\Eclipse\SeleniumFramework\1DistributedParalleltestng.xml
at java.base/java.util.ArrayList.forEach(ArrayList.java:1507)
at java.base/java.util.concurrent.FutureTask.run(FutureTask.java:264)
at java.base/java.util.concurrent.ThreadPoolExecutor.runWorker(ThreadPoolExecutor.java:1128)
at java.base/java.util.concurrent.ThreadPoolExecutor$Worker.run(ThreadPoolExecutor.java:628)
at java.base/java.lang.Thread.run(Thread.java:830)
... Removed 13 stack frames]]>
    </failure>
  </testcase> <!-- @BeforeClass beforeClassConfiguration -->
  <testcase classname="com.vtiger.comcast.genericUtility.BaseClass" name="@BeforeMethod beforeMethodConfiguration" time="-1.629867804903E9">
    <skipped/>
  </testcase> <!-- @BeforeMethod beforeMethodConfiguration -->
  <testcase classname="com.vtiger.comcast.genericUtility.BaseClass" name="@AfterMethod afterMethodConfiguration" time="-1.629867804936E9">
    <skipped/>
  </testcase> <!-- @AfterMethod afterMethodConfiguration -->
  <testcase classname="com.vtiger.comcast.genericUtility.BaseClass" name="@BeforeMethod beforeMethodConfiguration" time="-1.629867804943E9">
    <skipped/>
  </testcase> <!-- @BeforeMethod beforeMethodConfiguration -->
  <testcase classname="com.vtiger.comcast.genericUtility.BaseClass" name="@AfterMethod afterMethodConfiguration" time="-1.629867804956E9">
    <skipped/>
  </testcase> <!-- @AfterMethod afterMethodConfiguration -->
  <testcase classname="com.vtiger.comcast.genericUtility.BaseClass" name="@BeforeMethod beforeMethodConfiguration" time="-1.62986780497E9">
    <skipped/>
  </testcase> <!-- @BeforeMethod beforeMethodConfiguration -->
  <testcase classname="com.vtiger.comcast.genericUtility.BaseClass" name="@AfterMethod afterMethodConfiguration" time="-1.629867805015E9">
    <skipped/>
  </testcase> <!-- @AfterMethod afterMethodConfiguration -->
  <testcase classname="com.vtiger.comcast.genericUtility.BaseClass" name="@AfterClass afterClassConfiguration" time="-1.629867805025E9">
    <skipped/>
  </testcase> <!-- @AfterClass afterClassConfiguration -->
  <testcase classname="com.vtiger.comcast.opportunitytest.TC_03_OpportunityTest" name="createOpportunityTest" time="0.0">
    <skipped/>
  </testcase> <!-- createOpportunityTest -->
  <testcase classname="com.vtiger.comcast.opportunitytest.TC_03_OpportunityTest" name="createOpportunityWithMappingOrganizationTest" time="0.0">
    <skipped/>
  </testcase> <!-- createOpportunityWithMappingOrganizationTest -->
  <testcase classname="com.vtiger.comcast.opportunitytest.TC_03_OpportunityTest" name="createOpportunitywithMappingofExistingContactsTest" time="0.0">
    <skipped/>
  </testcase> <!-- createOpportunitywithMappingofExistingContactsTest -->
</testsuite> <!-- Test2 -->
