<?xml version="1.0" encoding="UTF-8"?>
<!-- Generated by org.testng.reporters.JUnitReportReporter -->
<testsuite hostname="DESKTOP-EGF8AOH" failures="0" tests="4" name="com.vtiger.comcast.opportunitytest.TC_03_OpportunityTest" time="-1629867904.000" errors="1" timestamp="2021-08-25T10:34:22 IST" skipped="3">
  <testcase classname="com.vtiger.comcast.opportunitytest.TC_03_OpportunityTest" name="createOpportunityTest" time="0.000">
    <skipped/>
  </testcase> <!-- createOpportunityTest -->
  <system-out/>
  <testcase classname="com.vtiger.comcast.opportunitytest.TC_03_OpportunityTest" name="createOpportunitywithMappingofExistingContactsTest" time="0.000">
    <skipped/>
  </testcase> <!-- createOpportunitywithMappingofExistingContactsTest -->
  <system-out/>
  <testcase classname="com.vtiger.comcast.opportunitytest.TC_03_OpportunityTest" name="createOpportunityWithMappingOrganizationTest" time="0.000">
    <skipped/>
  </testcase> <!-- createOpportunityWithMappingOrganizationTest -->
  <system-out/>
  <testcase classname="com.vtiger.comcast.opportunitytest.TC_03_OpportunityTest" name="beforeClassConfiguration" time="-1629867904.000">
    <error message="
Parameter &#039;Browser&#039; is required by BeforeClass on method beforeClassConfiguration but has not been marked @Optional or defined
in G:\Eclipse\SeleniumFramework\DistributedParalleltestng.xml" type="org.testng.TestNGException">
      <![CDATA[org.testng.TestNGException: 
Parameter 'Browser' is required by BeforeClass on method beforeClassConfiguration but has not been marked @Optional or defined
in G:\Eclipse\SeleniumFramework\DistributedParalleltestng.xml
at org.testng.internal.Parameters.createParams(Parameters.java:270)
at org.testng.internal.Parameters.createParametersForMethod(Parameters.java:358)
at org.testng.internal.Parameters.createParameters(Parameters.java:700)
at org.testng.internal.Parameters.createConfigurationParameters(Parameters.java:168)
at org.testng.internal.ConfigInvoker.invokeConfigurations(ConfigInvoker.java:302)
at org.testng.internal.TestMethodWorker.invokeBeforeClassMethods(TestMethodWorker.java:176)
at org.testng.internal.TestMethodWorker.run(TestMethodWorker.java:122)
at java.base/java.util.ArrayList.forEach(ArrayList.java:1507)
at org.testng.TestRunner.privateRun(TestRunner.java:794)
at org.testng.TestRunner.run(TestRunner.java:596)
at org.testng.SuiteRunner.runTest(SuiteRunner.java:377)
at org.testng.SuiteRunner.access$000(SuiteRunner.java:28)
at org.testng.SuiteRunner$SuiteWorker.run(SuiteRunner.java:418)
at org.testng.internal.thread.ThreadUtil.lambda$execute$0(ThreadUtil.java:64)
at java.base/java.util.concurrent.FutureTask.run(FutureTask.java:264)
at java.base/java.util.concurrent.ThreadPoolExecutor.runWorker(ThreadPoolExecutor.java:1128)
at java.base/java.util.concurrent.ThreadPoolExecutor$Worker.run(ThreadPoolExecutor.java:628)
at java.base/java.lang.Thread.run(Thread.java:830)
]]>
    </error>
  </testcase> <!-- beforeClassConfiguration -->
  <system-out/>
</testsuite> <!-- com.vtiger.comcast.opportunitytest.TC_03_OpportunityTest -->
